#
# A fatal error has been detected by the Java Runtime Environment:
#
#  EXCEPTION_ACCESS_VIOLATION (0xc0000005) at pc=0x000002c688779ae8, pid=22920, tid=22988
#
# JRE version: OpenJDK Runtime Environment (17.0.2+8) (build 17.0.2+8-86)
# Java VM: OpenJDK 64-Bit Server VM (17.0.2+8-86, mixed mode, sharing, tiered, compressed oops, compressed class ptrs, g1 gc, windows-amd64)
# Problematic frame:
# J 5123 c1 com.sun.tools.javac.code.Symbol$ClassSymbol.<init>(JLcom/sun/tools/javac/util/Name;Lcom/sun/tools/javac/code/Type;Lcom/sun/tools/javac/code/Symbol;)V jdk.compiler@17.0.2 (75 bytes) @ 0x000002c688779ae8 [0x000002c688779700+0x00000000000003e8]
#
# No core dump will be written. Minidumps are not enabled by default on client versions of Windows
#
# If you would like to submit a bug report, please visit:
#   https://bugreport.java.com/bugreport/crash.jsp
#

---------------  S U M M A R Y ------------

Command Line: -Dmaven.multiModuleProjectDirectory=C:\Users\musio\OneDrive\Desktop\code\MC-LandsKey -Djansi.passthrough=true -Dmaven.home=C:\Program Files\JetBrains\IntelliJ IDEA Community Edition 2023.3.2\plugins\maven\lib\maven3 -Dclassworlds.conf=C:\Program Files\JetBrains\IntelliJ IDEA Community Edition 2023.3.2\plugins\maven\lib\maven3\bin\m2.conf -Dmaven.ext.class.path=C:\Program Files\JetBrains\IntelliJ IDEA Community Edition 2023.3.2\plugins\maven\lib\maven-event-listener.jar -javaagent:C:\Program Files\JetBrains\IntelliJ IDEA Community Edition 2023.3.2\lib\idea_rt.jar=58326:C:\Program Files\JetBrains\IntelliJ IDEA Community Edition 2023.3.2\bin -Dfile.encoding=UTF-8 org.codehaus.classworlds.Launcher -Didea.version=2023.3.2 package

Host: AMD Ryzen 5 1600 Six-Core Processor            , 12 cores, 15G,  Windows 10 , 64 bit Build 19041 (10.0.19041.3636)
Time: Thu Feb  8 12:48:02 2024  Windows 10 , 64 bit Build 19041 (10.0.19041.3636) elapsed time: 8.868810 seconds (0d 0h 0m 8s)

---------------  T H R E A D  ---------------

Current thread (0x000002c6fb9dc0a0):  JavaThread "main" [_thread_in_Java, id=22988, stack(0x000000db9b000000,0x000000db9b100000)]

Stack: [0x000000db9b000000,0x000000db9b100000],  sp=0x000000db9b0fcf78,  free space=1011k
Native frames: (J=compiled Java code, j=interpreted, Vv=VM code, C=native code)
C  0x000002c688779ae8


siginfo: EXCEPTION_ACCESS_VIOLATION (0xc0000005), writing address 0x000000000000006d


Register to memory mapping:

RIP=0x000002c688779ae8 is at entry_point+1000 in (nmethod*)0x000002c688779510
RAX=0x00e87b70000003ff is an unknown value
RBX=0x000000000000000e is an unknown value
RCX=0x0000000709d64ab0 is an oop: com.sun.tools.javac.code.Symbol$ClassSymbol 
{0x0000000709d64ab0} - klass: 'com/sun/tools/javac/code/Symbol$ClassSymbol'
 - ---- fields (total size 11 words):
 - public 'kind' 'Lcom/sun/tools/javac/code/Kinds$Kind;' @12  a 'com/sun/tools/javac/code/Kinds$Kind'{0x00000007014082e0} (e028105c)
 - public 'flags_field' 'J' @16  0 (0 0)
 - public 'name' 'Lcom/sun/tools/javac/util/Name;' @24  a 'com/sun/tools/javac/util/SharedNameTable$NameImpl'{0x0000000701ed5660} (e03daacc)
 - public 'type' 'Lcom/sun/tools/javac/code/Type;' @28  a 'com/sun/tools/javac/code/Type$ClassType'{0x0000000709d64b08} (e13ac961)
 - public 'owner' 'Lcom/sun/tools/javac/code/Symbol;' @32  a 'com/sun/tools/javac/code/Symbol$PackageSymbol'{0x0000000701ed5698} (e03daad3)
 - public 'completer' 'Lcom/sun/tools/javac/code/Symbol$Completer;' @36  a 'com/sun/tools/javac/code/Symbol$Completer$1'{0x00000007014056c8} (e0280ad9)
 - public 'erasure_field' 'Lcom/sun/tools/javac/code/Type;' @40  NULL (0)
 - protected 'metadata' 'Lcom/sun/tools/javac/code/SymbolMetadata;' @44  NULL (0)
 - public 'isPermittedExplicit' 'Z' @48  false
 - public 'members_field' 'Lcom/sun/tools/javac/code/Scope$WriteableScope;' @52  NULL (0)
 - public 'fullname' 'Lcom/sun/tools/javac/util/Name;' @56  a 'com/sun/tools/javac/util/SharedNameTable$NameImpl'{0x0000000701ed57a8} (e03daaf5)
 - public 'flatname' 'Lcom/sun/tools/javac/util/Name;' @60  NULL (0)
 - public 'sourcefile' 'Ljavax/tools/JavaFileObject;' @64  NULL (0)
 - public 'classfile' 'Ljavax/tools/JavaFileObject;' @68  NULL (0)
 - public 'trans_local' 'Lcom/sun/tools/javac/util/List;' @72  NULL (0)
 - private 'annotationTypeMetadata' 'Lcom/sun/tools/javac/comp/Annotate$AnnotationTypeMetadata;' @76  NULL (0)
 - private 'recordComponents' 'Lcom/sun/tools/javac/util/List;' @80  a 'com/sun/tools/javac/util/List$1'{0x000000070140aa10} (e0281542)
 - public 'permitted' 'Lcom/sun/tools/javac/util/List;' @84  NULL (0)
RDX=0x0000000709d64ab0 is an oop: com.sun.tools.javac.code.Symbol$ClassSymbol 
{0x0000000709d64ab0} - klass: 'com/sun/tools/javac/code/Symbol$ClassSymbol'
 - ---- fields (total size 11 words):
 - public 'kind' 'Lcom/sun/tools/javac/code/Kinds$Kind;' @12  a 'com/sun/tools/javac/code/Kinds$Kind'{0x00000007014082e0} (e028105c)
 - public 'flags_field' 'J' @16  0 (0 0)
 - public 'name' 'Lcom/sun/tools/javac/util/Name;' @24  a 'com/sun/tools/javac/util/SharedNameTable$NameImpl'{0x0000000701ed5660} (e03daacc)
 - public 'type' 'Lcom/sun/tools/javac/code/Type;' @28  a 'com/sun/tools/javac/code/Type$ClassType'{0x0000000709d64b08} (e13ac961)
 - public 'owner' 'Lcom/sun/tools/javac/code/Symbol;' @32  a 'com/sun/tools/javac/code/Symbol$PackageSymbol'{0x0000000701ed5698} (e03daad3)
 - public 'completer' 'Lcom/sun/tools/javac/code/Symbol$Completer;' @36  a 'com/sun/tools/javac/code/Symbol$Completer$1'{0x00000007014056c8} (e0280ad9)
 - public 'erasure_field' 'Lcom/sun/tools/javac/code/Type;' @40  NULL (0)
 - protected 'metadata' 'Lcom/sun/tools/javac/code/SymbolMetadata;' @44  NULL (0)
 - public 'isPermittedExplicit' 'Z' @48  false
 - public 'members_field' 'Lcom/sun/tools/javac/code/Scope$WriteableScope;' @52  NULL (0)
 - public 'fullname' 'Lcom/sun/tools/javac/util/Name;' @56  a 'com/sun/tools/javac/util/SharedNameTable$NameImpl'{0x0000000701ed57a8} (e03daaf5)
 - public 'flatname' 'Lcom/sun/tools/javac/util/Name;' @60  NULL (0)
 - public 'sourcefile' 'Ljavax/tools/JavaFileObject;' @64  NULL (0)
 - public 'classfile' 'Ljavax/tools/JavaFileObject;' @68  NULL (0)
 - public 'trans_local' 'Lcom/sun/tools/javac/util/List;' @72  NULL (0)
 - private 'annotationTypeMetadata' 'Lcom/sun/tools/javac/comp/Annotate$AnnotationTypeMetadata;' @76  NULL (0)
 - private 'recordComponents' 'Lcom/sun/tools/javac/util/List;' @80  a 'com/sun/tools/javac/util/List$1'{0x000000070140aa10} (e0281542)
 - public 'permitted' 'Lcom/sun/tools/javac/util/List;' @84  NULL (0)
RSP=0x000000db9b0fcf78 is pointing into the stack for thread: 0x000002c6fb9dc0a0
RBP=0x000000db9b0fcfe8 is pointing into the stack for thread: 0x000002c6fb9dc0a0
RSI=0x0000000000000065 is an unknown value
RDI=0x000000000000006d is an unknown value
R8 =0x0000000000000041 is an unknown value
R9 =0x0000000000080000 is an unknown value
R10=3762137845 is a compressed pointer to object: com.sun.tools.javac.util.SharedNameTable$NameImpl 
{0x0000000701ed57a8} - klass: 'com/sun/tools/javac/util/SharedNameTable$NameImpl'
 - ---- fields (total size 4 words):
 - public final 'table' 'Lcom/sun/tools/javac/util/Name$Table;' @12  a 'com/sun/tools/javac/util/SharedNameTable'{0x0000000701405ad8} (e0280b5b)
 - 'index' 'I' @16  35061 (88f5)
 - 'length' 'I' @20  17 (11)
 - 'next' 'Lcom/sun/tools/javac/util/SharedNameTable$NameImpl;' @24  NULL (0)
R11=0x0000000000008902 is an unknown value
R12=0x0 is NULL
R13=0x00000000000088f5 is an unknown value
R14=0x0000000701ed57a8 is an oop: com.sun.tools.javac.util.SharedNameTable$NameImpl 
{0x0000000701ed57a8} - klass: 'com/sun/tools/javac/util/SharedNameTable$NameImpl'
 - ---- fields (total size 4 words):
 - public final 'table' 'Lcom/sun/tools/javac/util/Name$Table;' @12  a 'com/sun/tools/javac/util/SharedNameTable'{0x0000000701405ad8} (e0280b5b)
 - 'index' 'I' @16  35061 (88f5)
 - 'length' 'I' @20  17 (11)
 - 'next' 'Lcom/sun/tools/javac/util/SharedNameTable$NameImpl;' @24  NULL (0)
R15=0x000002c6fb9dc0a0 is a thread


Registers:
RAX=0x00e87b70000003ff, RBX=0x000000000000000e, RCX=0x0000000709d64ab0, RDX=0x0000000709d64ab0
RSP=0x000000db9b0fcf78, RBP=0x000000db9b0fcfe8, RSI=0x0000000000000065, RDI=0x000000000000006d
R8 =0x0000000000000041, R9 =0x0000000000080000, R10=0x00000000e03daaf5, R11=0x0000000000008902
R12=0x0000000000000000, R13=0x00000000000088f5, R14=0x0000000701ed57a8, R15=0x000002c6fb9dc0a0
RIP=0x000002c688779ae8, EFLAGS=0x0000000000010206

Top of Stack: (sp=0x000000db9b0fcf78)
0x000000db9b0fcf78:   000002c687779657 0000000701ccd548
0x000000db9b0fcf88:   0000000709d64610 0000000701ccd9a8
0x000000db9b0fcf98:   00000007014057c0 000000db9b0fcfa0
0x000000db9b0fcfa8:   000002c6a34075b1 000000db9b0fd038
0x000000db9b0fcfb8:   000002c6a3411de8 0000000000000000
0x000000db9b0fcfc8:   0000000701fd26f8 000002c6a340dc90
0x000000db9b0fcfd8:   000000db9b0fcf88 000000db9b0fd030
0x000000db9b0fcfe8:   000000db9b0fd088 000002c6877794fe
0x000000db9b0fcff8:   0000000000000000 0000000000000000
0x000000db9b0fd008:   0000000000000000 0000000000000000
0x000000db9b0fd018:   0000000709d64610 0000000702670b60
0x000000db9b0fd028:   0000000701ccd548 0000000701ccd9a8
0x000000db9b0fd038:   0000000701b2e4e0 000000db9b0fd040
0x000000db9b0fd048:   000002c6a34073ea 000000db9b0fd100
0x000000db9b0fd058:   000002c6a3411de8 0000000000000000
0x000000db9b0fd068:   0000000701fd26f8 000002c6a340da78 

Instructions: (pc=0x000002c688779ae8)
0x000002c6887799e8:   49 ba 10 aa 40 01 07 00 00 00 49 c1 ea 03 44 89
0x000002c6887799f8:   52 54 48 be 10 aa 40 01 07 00 00 00 48 8b fa 48
0x000002c688779a08:   33 fe 48 c1 ef 15 48 83 ff 00 0f 85 f2 01 00 00
0x000002c688779a18:   48 83 c4 70 5d 49 3b a7 40 03 00 00 0f 87 f8 01
0x000002c688779a28:   00 00 c3 49 ba d0 15 23 a3 c6 02 00 00 4c 89 54
0x000002c688779a38:   24 08 48 c7 04 24 ff ff ff ff e8 39 05 0f ff e9
0x000002c688779a48:   15 fd ff ff 49 ba d0 3c 01 a3 c6 02 00 00 4c 89
0x000002c688779a58:   54 24 08 48 c7 04 24 ff ff ff ff e8 18 05 0f ff
0x000002c688779a68:   e9 7e fd ff ff 44 8b 42 50 49 c1 e0 03 49 83 f8
0x000002c688779a78:   00 0f 84 89 fd ff ff 4c 89 04 24 e8 f8 0a 0f ff
0x000002c688779a88:   e9 7b fd ff ff 49 83 f8 00 0f 84 a1 fd ff ff 48
0x000002c688779a98:   89 14 24 e8 e0 0d 0f ff e9 93 fd ff ff 44 8b 42
0x000002c688779aa8:   34 49 c1 e0 03 49 83 f8 00 0f 84 94 fd ff ff 4c
0x000002c688779ab8:   89 04 24 e8 c0 0a 0f ff e9 86 fd ff ff 44 8b 42
0x000002c688779ac8:   38 49 c1 e0 03 49 83 f8 00 0f 84 b0 fd ff ff 4c
0x000002c688779ad8:   89 04 24 e8 a0 0a 0f ff e9 a2 fd ff ff 48 83 f8
0x000002c688779ae8:   00 0f 84 b7 fd ff ff 48 89 14 24 e8 88 0d 0f ff
0x000002c688779af8:   e9 a9 fd ff ff 8b 72 3c 48 c1 e6 03 48 83 fe 00
0x000002c688779b08:   0f 84 d1 fd ff ff 48 89 34 24 e8 69 0a 0f ff e9
0x000002c688779b18:   c3 fd ff ff 48 83 f8 00 0f 84 d8 fd ff ff 48 89
0x000002c688779b28:   14 24 e8 51 0d 0f ff e9 ca fd ff ff 8b 72 40 48
0x000002c688779b38:   c1 e6 03 48 83 fe 00 0f 84 c7 fd ff ff 48 89 34
0x000002c688779b48:   24 e8 32 0a 0f ff e9 b9 fd ff ff 8b 72 44 48 c1
0x000002c688779b58:   e6 03 48 83 fe 00 0f 84 bd fd ff ff 48 89 34 24
0x000002c688779b68:   e8 13 0a 0f ff e9 af fd ff ff 49 ba 78 92 30 a3
0x000002c688779b78:   c6 02 00 00 4c 89 54 24 08 48 c7 04 24 ff ff ff
0x000002c688779b88:   ff e8 f2 03 0f ff e9 cf fd ff ff 8b 72 4c 48 c1
0x000002c688779b98:   e6 03 48 83 fe 00 0f 84 cc fd ff ff 48 89 34 24
0x000002c688779ba8:   e8 d3 09 0f ff e9 be fd ff ff 48 83 fe 00 0f 84
0x000002c688779bb8:   e4 fd ff ff 48 89 14 24 e8 bb 0c 0f ff e9 d6 fd
0x000002c688779bc8:   ff ff 49 ba d0 3c 01 a3 c6 02 00 00 4c 89 54 24
0x000002c688779bd8:   08 48 c7 04 24 ff ff ff ff e8 9a 03 0f ff e9 ef 


Stack slot to memory mapping:
stack at sp + 0 slots: 0x000002c687779657 is at code_begin+1463 in an Interpreter codelet
return entry points  [0x000002c6877790a0, 0x000002c687779ba0]  2816 bytes
stack at sp + 1 slots: 0x0000000701ccd548 is an oop: com.sun.tools.javac.tree.JCTree$JCFieldAccess 
{0x0000000701ccd548} - klass: 'com/sun/tools/javac/tree/JCTree$JCFieldAccess'
 - ---- fields (total size 4 words):
 - public 'pos' 'I' @12  416 (1a0)
 - public 'type' 'Lcom/sun/tools/javac/code/Type;' @16  NULL (0)
 - public 'selected' 'Lcom/sun/tools/javac/tree/JCTree$JCExpression;' @20  a 'com/sun/tools/javac/tree/JCTree$JCFieldAccess'{0x0000000701ccd568} (e0399aad)
 - public 'name' 'Lcom/sun/tools/javac/util/Name;' @24  a 'com/sun/tools/javac/util/SharedNameTable$NameImpl'{0x0000000702670b60} (e04ce16c)
 - public 'sym' 'Lcom/sun/tools/javac/code/Symbol;' @28  NULL (0)
stack at sp + 2 slots: 0x0000000709d64610 is an oop: com.sun.tools.javac.comp.Env 
{0x0000000709d64610} - klass: 'com/sun/tools/javac/comp/Env'
 - ---- fields (total size 6 words):
 - public 'baseClause' 'Z' @12  false
 - public 'next' 'Lcom/sun/tools/javac/comp/Env;' @16  a 'com/sun/tools/javac/comp/Env'{0x0000000709cd45c0} (e139a8b8)
 - public 'outer' 'Lcom/sun/tools/javac/comp/Env;' @20  NULL (0)
 - public 'tree' 'Lcom/sun/tools/javac/tree/JCTree;' @24  a 'com/sun/tools/javac/tree/JCTree$JCImport'{0x0000000701ccd9a8} (e0399b35)
 - public 'toplevel' 'Lcom/sun/tools/javac/tree/JCTree$JCCompilationUnit;' @28  a 'com/sun/tools/javac/tree/JCTree$JCCompilationUnit'{0x0000000701cd8dc0} (e039b1b8)
 - public 'enclClass' 'Lcom/sun/tools/javac/tree/JCTree$JCClassDecl;' @32  a 'com/sun/tools/javac/tree/JCTree$JCClassDecl'{0x0000000701b2dd40} (e0365ba8)
 - public 'enclMethod' 'Lcom/sun/tools/javac/tree/JCTree$JCMethodDecl;' @36  NULL (0)
 - public 'info' 'Ljava/lang/Object;' @40  a 'com/sun/tools/javac/comp/AttrContext'{0x0000000709cd45f0} (e139a8be)
stack at sp + 3 slots: 0x0000000701ccd9a8 is an oop: com.sun.tools.javac.tree.JCTree$JCImport 
{0x0000000701ccd9a8} - klass: 'com/sun/tools/javac/tree/JCTree$JCImport'
 - ---- fields (total size 4 words):
 - public 'pos' 'I' @12  378 (17a)
 - public 'type' 'Lcom/sun/tools/javac/code/Type;' @16  NULL (0)
 - public 'staticImport' 'Z' @20  false
 - public 'qualid' 'Lcom/sun/tools/javac/tree/JCTree;' @24  a 'com/sun/tools/javac/tree/JCTree$JCFieldAccess'{0x0000000701ccd548} (e0399aa9)
 - public 'importScope' 'Lcom/sun/tools/javac/code/Scope;' @28  NULL (0)
stack at sp + 4 slots: 0x00000007014057c0 is an oop: com.sun.tools.javac.comp.Attr 
{0x00000007014057c0} - klass: 'com/sun/tools/javac/comp/Attr'
 - ---- fields (total size 25 words):
 - 'allowPoly' 'Z' @12  true
 - 'allowTypeAnnos' 'Z' @13  true
 - 'allowLambda' 'Z' @14  true
 - 'allowDefaultMethods' 'Z' @15  true
 - 'allowStaticInterfaceMethods' 'Z' @16  true
 - 'allowReifiableTypesInInstanceof' 'Z' @17  true
 - private final 'allowRecords' 'Z' @18  true
 - private final 'allowPatternSwitch' 'Z' @19  false
 - 'useBeforeDeclarationWarning' 'Z' @20  false
 - final 'names' 'Lcom/sun/tools/javac/util/Names;' @24  a 'com/sun/tools/javac/util/Names'{0x0000000701405888} (e0280b11)
 - final 'log' 'Lcom/sun/tools/javac/util/Log;' @28  a 'com/sun/tools/javac/util/Log'{0x0000000701406e78} (e0280dcf)
 - final 'syms' 'Lcom/sun/tools/javac/code/Symtab;' @32  a 'com/sun/tools/javac/code/Symtab'{0x00000007014080d0} (e028101a)
 - final 'rs' 'Lcom/sun/tools/javac/comp/Resolve;' @36  a 'com/sun/tools/javac/comp/Resolve'{0x0000000701ed25d0} (e03da4ba)
 - final 'operators' 'Lcom/sun/tools/javac/comp/Operators;' @40  a 'com/sun/tools/javac/comp/Operators'{0x0000000701b7d3b8} (e036fa77)
 - final 'infer' 'Lcom/sun/tools/javac/comp/Infer;' @44  a 'com/sun/tools/javac/comp/Infer'{0x0000000701b806f0} (e03700de)
 - final 'analyzer' 'Lcom/sun/tools/javac/comp/Analyzer;' @48  a 'com/sun/tools/javac/comp/Analyzer'{0x0000000701b805e8} (e03700bd)
 - final 'deferredAttr' 'Lcom/sun/tools/javac/comp/DeferredAttr;' @52  a 'com/sun/tools/javac/comp/DeferredAttr'{0x0000000701b80628} (e03700c5)
 - final 'chk' 'Lcom/sun/tools/javac/comp/Check;' @56  a 'com/sun/tools/javac/comp/Check'{0x0000000701ed52c8} (e03daa59)
 - final 'flow' 'Lcom/sun/tools/javac/comp/Flow;' @60  a 'com/sun/tools/javac/comp/Flow'{0x0000000701b80860} (e037010c)
 - final 'memberEnter' 'Lcom/sun/tools/javac/comp/MemberEnter;' @64  a 'com/sun/tools/javac/comp/MemberEnter'{0x0000000701b2e128} (e0365c25)
 - final 'typeEnter' 'Lcom/sun/tools/javac/comp/TypeEnter;' @68  a 'com/sun/tools/javac/comp/TypeEnter'{0x0000000701b2bc38} (e0365787)
 - final 'make' 'Lcom/sun/tools/javac/tree/TreeMaker;' @72  a 'com/sun/tools/javac/tree/TreeMaker'{0x0000000701b2bcf8} (e036579f)
 - final 'cfolder' 'Lcom/sun/tools/javac/comp/ConstFold;' @76  a 'com/sun/tools/javac/comp/ConstFold'{0x0000000701b80408} (e0370081)
 - final 'enter' 'Lcom/sun/tools/javac/comp/Enter;' @80  a 'com/sun/tools/javac/comp/Enter'{0x0000000701b2bc98} (e0365793)
 - final 'target' 'Lcom/sun/tools/javac/jvm/Target;' @84  a 'com/sun/tools/javac/jvm/Target'{0x0000000701783ad8} (e02f075b)
 - final 'types' 'Lcom/sun/tools/javac/code/Types;' @88  a 'com/sun/tools/javac/code/Types'{0x0000000701b2bd20} (e03657a4)
 - final 'preview' 'Lcom/sun/tools/javac/code/Preview;' @92  a 'com/sun/tools/javac/code/Preview'{0x0000000701b2e188} (e0365c31)
 - final 'diags' 'Lcom/sun/tools/javac/util/JCDiagnostic$Factory;' @96  a 'com/sun/tools/javac/util/JCDiagnostic$Factory'{0x0000000701406ed0} (e0280dda)
 - final 'typeAnnotations' 'Lcom/sun/tools/javac/code/TypeAnnotations;' @100  a 'com/sun/tools/javac/code/TypeAnnotations'{0x0000000701b2e158} (e0365c2b)
 - final 'deferredLintHandler' 'Lcom/sun/tools/javac/code/DeferredLintHandler;' @104  a 'com/sun/tools/javac/code/DeferredLintHandler'{0x0000000701ed5358} (e03daa6b)
 - final 'typeEnvs' 'Lcom/sun/tools/javac/comp/TypeEnvs;' @108  a 'com/sun/tools/javac/comp/TypeEnvs'{0x0000000701ed5440} (e03daa88)
 - final 'dependencies' 'Lcom/sun/tools/javac/util/Dependencies;' @112  a 'com/sun/tools/javac/util/Dependencies$DummyDependencies'{0x0000000701b2e178} (e0365c2f)
 - final 'annotate' 'Lcom/sun/tools/javac/comp/Annotate;' @116  a 'com/sun/tools/javac/comp/Annotate'{0x0000000701408068} (e028100d)
 - final 'argumentAttr' 'Lcom/sun/tools/javac/comp/ArgumentAttr;' @120  a 'com/sun/tools/javac/comp/ArgumentAttr'{0x0000000701b80688} (e03700d1)
 - final 'matchBindingsComputer' 'Lcom/sun/tools/javac/comp/MatchBindingsComputer;' @124  a 'com/sun/tools/javac/comp/MatchBindingsComputer'{0x0000000701ca4e60} (e03949cc)
 - final 'attrRecover' 'Lcom/sun/tools/javac/comp/AttrRecover;' @128  a 'com/sun/tools/javac/comp/AttrRecover'{0x0000000701ca4e18} (e03949c3)
 - 'sourceName' 'Ljava/lang/String;' @132  "16"{0x000000070210c920} (e0421924)
 - private 'identAttributer' 'Lcom/sun/source/tree/TreeVisitor;' @136  a 'com/sun/tools/javac/comp/Attr$IdentAttributer'{0x0000000701ca4e00} (e03949c0)
 - private 'breakTree' 'Lcom/sun/tools/javac/tree/JCTree;' @140  NULL (0)
 - final 'statInfo' 'Lcom/sun/tools/javac/comp/Attr$ResultInfo;' @144  a 'com/sun/tools/javac/comp/Attr$ResultInfo'{0x0000000701ca4de0} (e03949bc)
 - final 'varAssignmentInfo' 'Lcom/sun/tools/javac/comp/Attr$ResultInfo;' @148  a 'com/sun/tools/javac/comp/Attr$ResultInfo'{0x0000000701ca4dc0} (e03949b8)
 - final 'methodAttrInfo' 'Lcom/sun/tools/javac/comp/Attr$ResultInfo;' @152  a 'com/sun/tools/javac/comp/Attr$MethodAttrInfo'{0x0000000701ca4d98} (e03949b3)
 - final 'unknownExprInfo' 'Lcom/sun/tools/javac/comp/Attr$ResultInfo;' @156  a 'com/sun/tools/javac/comp/Attr$ResultInfo'{0x0000000701ca4d78} (e03949af)
 - final 'unknownTypeInfo' 'Lcom/sun/tools/javac/comp/Attr$ResultInfo;' @160  a 'com/sun/tools/javac/comp/Attr$ResultInfo'{0x0000000701ca4d58} (e03949ab)
 - final 'unknownTypeExprInfo' 'Lcom/sun/tools/javac/comp/Attr$ResultInfo;' @164  a 'com/sun/tools/javac/comp/Attr$ResultInfo'{0x0000000701cb2b90} (e0396572)
 - final 'recoveryInfo' 'Lcom/sun/tools/javac/comp/Attr$ResultInfo;' @168  a 'com/sun/tools/javac/comp/Attr$RecoveryInfo'{0x0000000701ca4d10} (e03949a2)
 - 'env' 'Lcom/sun/tools/javac/comp/Env;' @172  a 'com/sun/tools/javac/comp/Env'{0x0000000709d64610} (e13ac8c2)
 - 'resultInfo' 'Lcom/sun/tools/javac/comp/Attr$ResultInfo;' @176  a 'com/sun/tools/javac/comp/Attr$ResultInfo'{0x0000000709d646b8} (e13ac8d7)
 - 'result' 'Lcom/sun/tools/javac/code/Type;' @180  a 'com/sun/tools/javac/code/Type$PackageType'{0x0000000701ed5700} (e03daae0)
 - 'matchBindings' 'Lcom/sun/tools/javac/comp/MatchBindingsComputer$MatchBindings;' @184  a 'com/sun/tools/javac/comp/MatchBindingsComputer$MatchBindings'{0x000000070186d8f8} (e030db1f)
 - 'removeClassParams' 'Lcom/sun/tools/javac/tree/TreeTranslator;' @188  a 'com/sun/tools/javac/comp/Attr$4'{0x0000000701cb2b48} (e0396569)
 - 'targetChecker' 'Lcom/sun/tools/javac/code/Types$MapVisitor;' @192  a 'com/sun/tools/javac/comp/Attr$9'{0x0000000701cb2b38} (e0396567)
 - private 'clinits' 'Ljava/util/Map;' @196  a 'java/util/HashMap'{0x0000000701cb2b08} (e0396561)
stack at sp + 5 slots: 0x000000db9b0fcfa0 is pointing into the stack for thread: 0x000002c6fb9dc0a0
stack at sp + 6 slots: 0x000002c6a34075b1 is pointing into metadata
stack at sp + 7 slots: 0x000000db9b0fd038 is pointing into the stack for thread: 0x000002c6fb9dc0a0

--------------------------------------------------------------------------------
[Constant Pool (empty)]

--------------------------------------------------------------------------------

[MachCode]
  0x000002c688779700: 448b 5208 | 49bb 0000 | 0000 0800 | 0000 4d03 | d34c 3bd0 | 0f85 6633 | 04ff 660f | 1f44 0000 
  0x000002c688779720: 8984 2400 | 90ff ff55 | 4883 ec70 | 4889 5424 | 5049 8bc8 | 488b df49 | b8c8 4e67 | a3c6 0200 
  0x000002c688779740: 0041 8bb8 | cc00 0000 | 83c7 0241 | 89b8 cc00 | 0000 81e7 | fe07 0000 | 83ff 000f | 84ca 0200 
  0x000002c688779760: 004c 8bc2 | 48bf c84e | 67a3 c602 | 0000 4883 | 8710 0100 | 0001 49b8 | e082 4001 | 0700 0000 
  0x000002c688779780: 498b c14c | 8bc9 488b | f84c 8bde | 488b f349 | 8bcb 488b | da48 8bd3 | 4c89 5c24 | 6048 8944 
  0x000002c6887797a0: 2458 0f1f | 4400 00e8 | 14ca f2ff | 48ba c84e | 67a3 c602 | 0000 4883 | 8220 0100 | 0001 48ba 
  0x000002c6887797c0: c0fe 4da3 | c602 0000 | 448b 82cc | 0000 0041 | 83c0 0244 | 8982 cc00 | 0000 4181 | e0fe ff1f 
  0x000002c6887797e0: 0041 83f8 | 000f 8461 | 0200 0048 | ba10 aa40 | 0107 0000 | 0041 0fbe | 5738 83fa | 0048 8b54 
  0x000002c688779800: 2450 0f85 | 6502 0000 | 49ba 10aa | 4001 0700 | 0000 49c1 | ea03 4489 | 5250 49b8 | 10aa 4001 
  0x000002c688779820: 0700 0000 | 488b f249 | 33f0 48c1 | ee15 4883 | fe00 0f85 | 5502 0000 | c642 3000 | 450f be47 
  0x000002c688779840: 3841 83f8 | 000f 855a | 0200 00c7 | 4234 0000 | 0000 49b8 | c84e 67a3 | c602 0000 | 4983 8030 
  0x000002c688779860: 0100 0001 | 488b 5424 | 584c 8b44 | 2460 90e8 | 2cf2 f1ff | 410f be57 | 3883 fa00 | 488b 5424 
  0x000002c688779880: 500f 853e | 0200 004c | 8bd0 49c1 | ea03 4489 | 5238 4c8b | c24c 33c0 | 49c1 e815 | 4983 f800 
  0x000002c6887798a0: 0f85 3f02 | 0000 49b8 | c84e 67a3 | c602 0000 | 4983 8040 | 0100 0001 | 488b 5424 | 584c 8b44 
  0x000002c6887798c0: 2460 0f1f | 4400 00e8 | d41d feff | 410f be77 | 3883 fe00 | 488b 5424 | 500f 851e | 0200 004c 
  0x000002c6887798e0: 8bd0 49c1 | ea03 4489 | 523c 488b | f248 33f0 | 48c1 ee15 | 4883 fe00 | 0f85 1e02 | 0000 410f 
  0x000002c688779900: be77 3883 | fe00 0f85 | 2802 0000 | c742 4000 | 0000 0041 | 0fbe 7738 | 83fe 000f | 8532 0200 
  0x000002c688779920: 00c7 4244 | 0000 0000 | 48be c84e | 67a3 c602 | 0000 4883 | 8650 0100 | 0001 48be | 30f4 68a3 
  0x000002c688779940: c602 0000 | 8bbe cc00 | 0000 83c7 | 0289 becc | 0000 0081 | e7fe ff1f | 0083 ff00 | 0f84 1002 
  0x000002c688779960: 0000 410f | be77 3883 | fe00 0f85 | 2302 0000 | 49ba f084 | 4001 0700 | 0000 49c1 | ea03 4489 
  0x000002c688779980: 524c 48be | f084 4001 | 0700 0000 | 488b fa48 | 33fe 48c1 | ef15 4883 | ff00 0f85 | 1202 0000 
  0x000002c6887799a0: 48be c84e | 67a3 c602 | 0000 4883 | 8660 0100 | 0001 48be | c0fe 4da3 | c602 0000 | 8bbe cc00 
  0x000002c6887799c0: 0000 83c7 | 0289 becc | 0000 0081 | e7fe ff1f | 0083 ff00 | 0f84 f001 | 0000 410f | be77 3883 
  0x000002c6887799e0: fe00 0f85 | 0302 0000 | 49ba 10aa | 4001 0700 | 0000 49c1 | ea03 4489 | 5254 48be | 10aa 4001 
  0x000002c688779a00: 0700 0000 | 488b fa48 | 33fe 48c1 | ef15 4883 | ff00 0f85 | f201 0000 | 4883 c470 | 5d49 3ba7 
  0x000002c688779a20: 4003 0000 | 0f87 f801 | 0000 c349 | bad0 1523 | a3c6 0200 | 004c 8954 | 2408 48c7 | 0424 ffff 
  0x000002c688779a40: ffff e839 | 050f ffe9 | 15fd ffff | 49ba d03c | 01a3 c602 | 0000 4c89 | 5424 0848 | c704 24ff 
  0x000002c688779a60: ffff ffe8 | 1805 0fff | e97e fdff | ff44 8b42 | 5049 c1e0 | 0349 83f8 | 000f 8489 | fdff ff4c 
  0x000002c688779a80: 8904 24e8 | f80a 0fff | e97b fdff | ff49 83f8 | 000f 84a1 | fdff ff48 | 8914 24e8 | e00d 0fff 
  0x000002c688779aa0: e993 fdff | ff44 8b42 | 3449 c1e0 | 0349 83f8 | 000f 8494 | fdff ff4c | 8904 24e8 | c00a 0fff 
  0x000002c688779ac0: e986 fdff | ff44 8b42 | 3849 c1e0 | 0349 83f8 | 000f 84b0 | fdff ff4c | 8904 24e8 | a00a 0fff 
  0x000002c688779ae0: e9a2 fdff | ff48 83f8 | 000f 84b7 | fdff ff48 | 8914 24e8 | 880d 0fff | e9a9 fdff | ff8b 723c 
  0x000002c688779b00: 48c1 e603 | 4883 fe00 | 0f84 d1fd | ffff 4889 | 3424 e869 | 0a0f ffe9 | c3fd ffff | 4883 f800 
  0x000002c688779b20: 0f84 d8fd | ffff 4889 | 1424 e851 | 0d0f ffe9 | cafd ffff | 8b72 4048 | c1e6 0348 | 83fe 000f 
  0x000002c688779b40: 84c7 fdff | ff48 8934 | 24e8 320a | 0fff e9b9 | fdff ff8b | 7244 48c1 | e603 4883 | fe00 0f84 
  0x000002c688779b60: bdfd ffff | 4889 3424 | e813 0a0f | ffe9 affd | ffff 49ba | 7892 30a3 | c602 0000 | 4c89 5424 
  0x000002c688779b80: 0848 c704 | 24ff ffff | ffe8 f203 | 0fff e9cf | fdff ff8b | 724c 48c1 | e603 4883 | fe00 0f84 
  0x000002c688779ba0: ccfd ffff | 4889 3424 | e8d3 090f | ffe9 befd | ffff 4883 | fe00 0f84 | e4fd ffff | 4889 1424 
  0x000002c688779bc0: e8bb 0c0f | ffe9 d6fd | ffff 49ba | d03c 01a3 | c602 0000 | 4c89 5424 | 0848 c704 | 24ff ffff 
  0x000002c688779be0: ffe8 9a03 | 0fff e9ef | fdff ff8b | 7254 48c1 | e603 4883 | fe00 0f84 | ecfd ffff | 4889 3424 
  0x000002c688779c00: e87b 090f | ffe9 defd | ffff 4883 | fe00 0f84 | 04fe ffff | 4889 1424 | e863 0c0f | ffe9 f6fd 
  0x000002c688779c20: ffff 49ba | 1d9a 7788 | c602 0000 | 4d89 9758 | 0300 00e9 | c897 04ff | 9090 498b | 87d0 0300 
  0x000002c688779c40: 0049 c787 | d003 0000 | 0000 0000 | 49c7 87d8 | 0300 0000 | 0000 0048 | 83c4 705d | e91f a30e 
  0x000002c688779c60: fff4 f4f4 | f4f4 f4f4 | f4f4 f4f4 | f4f4 f4f4 | f4f4 f4f4 | f4f4 f4f4 | f4f4 f4f4 | f4f4 f4f4 
  0x000002c688779c80: 0f1f 4400 | 0048 bb00 | 0000 0000 | 0000 00e9 | fbff ffff | 9048 bb00 | 0000 0000 | 0000 00e9 
  0x000002c688779ca0: fbff ffff | 9048 bb00 | 0000 0000 | 0000 00e9 | fbff ffff | e8c7 cf0e | ff48 b908 | 5024 11f8 
  0x000002c688779cc0: 7f00 0048 | 83e4 f049 | ba90 66f2 | 10f8 7f00 | 0041 ffd2 | f449 bad5 | 9c77 88c6 | 0200 0041 
  0x000002c688779ce0: 52e9 ba89 | 04ff f4f4 
[/MachCode]
--------------------------------------------------------------------------------


---------------  P R O C E S S  ---------------

Threads class SMR info:
_java_thread_list=0x000002c6a255bb10, length=15, elements={
0x000002c6fb9dc0a0, 0x000002c69ebdb390, 0x000002c69ebdc200, 0x000002c69ebee910,
0x000002c69ebf04d0, 0x000002c69ebf3390, 0x000002c69ebf7240, 0x000002c69ebf7f20,
0x000002c69ec009d0, 0x000002c69f820090, 0x000002c69ebc2920, 0x000002c69f980b70,
0x000002c69f9dc8b0, 0x000002c6a1d5a630, 0x000002c6a1ebaa80
}

Java Threads: ( => current thread )
=>0x000002c6fb9dc0a0 JavaThread "main" [_thread_in_Java, id=22988, stack(0x000000db9b000000,0x000000db9b100000)]
  0x000002c69ebdb390 JavaThread "Reference Handler" daemon [_thread_blocked, id=23016, stack(0x000000db9b700000,0x000000db9b800000)]
  0x000002c69ebdc200 JavaThread "Finalizer" daemon [_thread_blocked, id=23020, stack(0x000000db9b800000,0x000000db9b900000)]
  0x000002c69ebee910 JavaThread "Signal Dispatcher" daemon [_thread_blocked, id=23028, stack(0x000000db9b900000,0x000000db9ba00000)]
  0x000002c69ebf04d0 JavaThread "Attach Listener" daemon [_thread_blocked, id=23032, stack(0x000000db9ba00000,0x000000db9bb00000)]
  0x000002c69ebf3390 JavaThread "Service Thread" daemon [_thread_blocked, id=23036, stack(0x000000db9bb00000,0x000000db9bc00000)]
  0x000002c69ebf7240 JavaThread "Monitor Deflation Thread" daemon [_thread_blocked, id=23040, stack(0x000000db9bc00000,0x000000db9bd00000)]
  0x000002c69ebf7f20 JavaThread "C2 CompilerThread0" daemon [_thread_in_native, id=23044, stack(0x000000db9bd00000,0x000000db9be00000)]
  0x000002c69ec009d0 JavaThread "C1 CompilerThread0" daemon [_thread_blocked, id=23048, stack(0x000000db9be00000,0x000000db9bf00000)]
  0x000002c69f820090 JavaThread "Sweeper thread" daemon [_thread_blocked, id=23052, stack(0x000000db9bf00000,0x000000db9c000000)]
  0x000002c69ebc2920 JavaThread "Common-Cleaner" daemon [_thread_blocked, id=23064, stack(0x000000db9c000000,0x000000db9c100000)]
  0x000002c69f980b70 JavaThread "Monitor Ctrl-Break" daemon [_thread_in_native, id=23068, stack(0x000000db9c100000,0x000000db9c200000)]
  0x000002c69f9dc8b0 JavaThread "Notification Thread" daemon [_thread_blocked, id=23072, stack(0x000000db9c200000,0x000000db9c300000)]
  0x000002c6a1d5a630 JavaThread "C2 CompilerThread1" daemon [_thread_in_native, id=23516, stack(0x000000db9cd00000,0x000000db9ce00000)]
  0x000002c6a1ebaa80 JavaThread "C2 CompilerThread2" daemon [_thread_in_native, id=1376, stack(0x000000db9d000000,0x000000db9d100000)]

Other Threads:
  0x000002c69ebd3770 VMThread "VM Thread" [stack: 0x000000db9b600000,0x000000db9b700000] [id=23012]
  0x000002c6fba45980 WatcherThread [stack: 0x000000db9c300000,0x000000db9c400000] [id=23076]
  0x000002c6fba2b180 GCTaskThread "GC Thread#0" [stack: 0x000000db9b100000,0x000000db9b200000] [id=22992]
  0x000002c6a0064760 GCTaskThread "GC Thread#1" [stack: 0x000000db9c600000,0x000000db9c700000] [id=23108]
  0x000002c6a0562f70 GCTaskThread "GC Thread#2" [stack: 0x000000db9c700000,0x000000db9c800000] [id=23112]
  0x000002c6a0563220 GCTaskThread "GC Thread#3" [stack: 0x000000db9c800000,0x000000db9c900000] [id=23116]
  0x000002c6a0589600 GCTaskThread "GC Thread#4" [stack: 0x000000db9c900000,0x000000db9ca00000] [id=23120]
  0x000002c6a05898b0 GCTaskThread "GC Thread#5" [stack: 0x000000db9ca00000,0x000000db9cb00000] [id=23124]
  0x000002c6a0698ad0 GCTaskThread "GC Thread#6" [stack: 0x000000db9cb00000,0x000000db9cc00000] [id=23128]
  0x000002c69fdb8950 GCTaskThread "GC Thread#7" [stack: 0x000000db9cc00000,0x000000db9cd00000] [id=23132]
  0x000002c6a0645e10 GCTaskThread "GC Thread#8" [stack: 0x000000db9c400000,0x000000db9c500000] [id=23256]
  0x000002c6a0646620 GCTaskThread "GC Thread#9" [stack: 0x000000db9c500000,0x000000db9c600000] [id=23260]
  0x000002c6f97cb220 ConcurrentGCThread "G1 Main Marker" [stack: 0x000000db9b200000,0x000000db9b300000] [id=22996]
  0x000002c6f97cd1f0 ConcurrentGCThread "G1 Conc#0" [stack: 0x000000db9b300000,0x000000db9b400000] [id=23000]
  0x000002c6a0646370 ConcurrentGCThread "G1 Conc#1" [stack: 0x000000db9ce00000,0x000000db9cf00000] [id=23476]
  0x000002c6a0645350 ConcurrentGCThread "G1 Conc#2" [stack: 0x000000db9cf00000,0x000000db9d000000] [id=23480]
  0x000002c6fbaadcc0 ConcurrentGCThread "G1 Refine#0" [stack: 0x000000db9b400000,0x000000db9b500000] [id=23004]
  0x000002c6a0a2fc50 ConcurrentGCThread "G1 Refine#1" [stack: 0x000000db9d100000,0x000000db9d200000] [id=23532]
  0x000002c6a12441e0 ConcurrentGCThread "G1 Refine#2" [stack: 0x000000db9d200000,0x000000db9d300000] [id=23536]
  0x000002c6a1242dc0 ConcurrentGCThread "G1 Refine#3" [stack: 0x000000db9d300000,0x000000db9d400000] [id=23540]
  0x000002c6a1243c20 ConcurrentGCThread "G1 Refine#4" [stack: 0x000000db9d400000,0x000000db9d500000] [id=23544]
  0x000002c6fbaae6e0 ConcurrentGCThread "G1 Service" [stack: 0x000000db9b500000,0x000000db9b600000] [id=23008]

Threads with active compile tasks:
C2 CompilerThread0     8993 5779       4       lombok.core.AST::buildWithField (21 bytes)
C2 CompilerThread1     8993 5790   !   4       lombok.javac.JavacAST::drill (146 bytes)
C2 CompilerThread2     8993 5789       4       lombok.javac.JavacAST::buildStatementOrExpression (104 bytes)

VM state: not at safepoint (normal execution)

VM Mutex/Monitor currently owned by a thread: None

Heap address: 0x0000000701000000, size: 4080 MB, Compressed Oops mode: Zero based, Oop shift amount: 3

CDS archive(s) mapped at: [0x0000000800000000-0x0000000800bc0000-0x0000000800bc0000), size 12320768, SharedBaseAddress: 0x0000000800000000, ArchiveRelocationMode: 0.
Compressed class space mapped at: 0x0000000800c00000-0x0000000840c00000, reserved size: 1073741824
Narrow klass base: 0x0000000800000000, Narrow klass shift: 0, Narrow klass range: 0x100000000

GC Precious Log:
 CPUs: 12 total, 12 available
 Memory: 16316M
 Large Page Support: Disabled
 NUMA Support: Disabled
 Compressed Oops: Enabled (Zero based)
 Heap Region Size: 2M
 Heap Min Capacity: 8M
 Heap Initial Capacity: 256M
 Heap Max Capacity: 4080M
 Pre-touch: Disabled
 Parallel Workers: 10
 Concurrent Workers: 3
 Concurrent Refinement Workers: 10
 Periodic GC: Disabled

Heap:
 garbage-first heap   total 159744K, used 38208K [0x0000000701000000, 0x0000000800000000)
  region size 2048K, 9 young (18432K), 1 survivors (2048K)
 Metaspace       used 28534K, committed 28864K, reserved 1081344K
  class space    used 3289K, committed 3456K, reserved 1048576K

Heap Regions: E=young(eden), S=young(survivor), O=old, HS=humongous(starts), HC=humongous(continues), CS=collection set, F=free, OA=open archive, CA=closed archive, TAMS=top-at-mark-start (previous, next)
|   0|0x0000000701000000, 0x0000000701200000, 0x0000000701200000|100%| O|  |TAMS 0x0000000701200000, 0x0000000701000000| Untracked 
|   1|0x0000000701200000, 0x0000000701400000, 0x0000000701400000|100%| O|  |TAMS 0x0000000701200000, 0x0000000701200000| Untracked 
|   2|0x0000000701400000, 0x0000000701600000, 0x0000000701600000|100%| O|  |TAMS 0x0000000701400000, 0x0000000701400000| Untracked 
|   3|0x0000000701600000, 0x0000000701800000, 0x0000000701800000|100%| O|  |TAMS 0x0000000701600000, 0x0000000701600000| Untracked 
|   4|0x0000000701800000, 0x0000000701a00000, 0x0000000701a00000|100%| O|  |TAMS 0x0000000701800000, 0x0000000701800000| Untracked 
|   5|0x0000000701a00000, 0x0000000701c00000, 0x0000000701c00000|100%| O|  |TAMS 0x0000000701a00000, 0x0000000701a00000| Untracked 
|   6|0x0000000701c00000, 0x0000000701e00000, 0x0000000701e00000|100%| O|  |TAMS 0x0000000701c00000, 0x0000000701c00000| Untracked 
|   7|0x0000000701e00000, 0x0000000702000000, 0x0000000702000000|100%| O|  |TAMS 0x0000000701e00000, 0x0000000701e00000| Untracked 
|   8|0x0000000702000000, 0x0000000702200000, 0x0000000702200000|100%| O|  |TAMS 0x0000000702000000, 0x0000000702000000| Untracked 
|   9|0x0000000702200000, 0x00000007022b4e00, 0x0000000702400000| 35%| O|  |TAMS 0x0000000702200000, 0x0000000702200000| Untracked 
|  10|0x0000000702400000, 0x0000000702400000, 0x0000000702600000|  0%| F|  |TAMS 0x0000000702400000, 0x0000000702400000| Untracked 
|  11|0x0000000702600000, 0x0000000702800000, 0x0000000702800000|100%| O|  |TAMS 0x0000000702600000, 0x0000000702600000| Untracked 
|  12|0x0000000702800000, 0x0000000702a00000, 0x0000000702a00000|100%| O|  |TAMS 0x0000000702800000, 0x0000000702800000| Untracked 
|  13|0x0000000702a00000, 0x0000000702a00000, 0x0000000702c00000|  0%| F|  |TAMS 0x0000000702a00000, 0x0000000702a00000| Untracked 
|  14|0x0000000702c00000, 0x0000000702c00000, 0x0000000702e00000|  0%| F|  |TAMS 0x0000000702c00000, 0x0000000702c00000| Untracked 
|  15|0x0000000702e00000, 0x0000000702e00000, 0x0000000703000000|  0%| F|  |TAMS 0x0000000702e00000, 0x0000000702e00000| Untracked 
|  16|0x0000000703000000, 0x0000000703000000, 0x0000000703200000|  0%| F|  |TAMS 0x0000000703000000, 0x0000000703000000| Untracked 
|  17|0x0000000703200000, 0x0000000703200000, 0x0000000703400000|  0%| F|  |TAMS 0x0000000703200000, 0x0000000703200000| Untracked 
|  18|0x0000000703400000, 0x000000070349b298, 0x0000000703600000| 30%| S|CS|TAMS 0x0000000703400000, 0x0000000703400000| Complete 
|  19|0x0000000703600000, 0x0000000703600000, 0x0000000703800000|  0%| F|  |TAMS 0x0000000703600000, 0x0000000703600000| Untracked 
|  20|0x0000000703800000, 0x0000000703800000, 0x0000000703a00000|  0%| F|  |TAMS 0x0000000703800000, 0x0000000703800000| Untracked 
|  21|0x0000000703a00000, 0x0000000703a00000, 0x0000000703c00000|  0%| F|  |TAMS 0x0000000703a00000, 0x0000000703a00000| Untracked 
|  22|0x0000000703c00000, 0x0000000703c00000, 0x0000000703e00000|  0%| F|  |TAMS 0x0000000703c00000, 0x0000000703c00000| Untracked 
|  23|0x0000000703e00000, 0x0000000703e00000, 0x0000000704000000|  0%| F|  |TAMS 0x0000000703e00000, 0x0000000703e00000| Untracked 
|  24|0x0000000704000000, 0x0000000704000000, 0x0000000704200000|  0%| F|  |TAMS 0x0000000704000000, 0x0000000704000000| Untracked 
|  25|0x0000000704200000, 0x0000000704200000, 0x0000000704400000|  0%| F|  |TAMS 0x0000000704200000, 0x0000000704200000| Untracked 
|  26|0x0000000704400000, 0x0000000704400000, 0x0000000704600000|  0%| F|  |TAMS 0x0000000704400000, 0x0000000704400000| Untracked 
|  27|0x0000000704600000, 0x0000000704600000, 0x0000000704800000|  0%| F|  |TAMS 0x0000000704600000, 0x0000000704600000| Untracked 
|  28|0x0000000704800000, 0x0000000704800000, 0x0000000704a00000|  0%| F|  |TAMS 0x0000000704800000, 0x0000000704800000| Untracked 
|  29|0x0000000704a00000, 0x0000000704a00000, 0x0000000704c00000|  0%| F|  |TAMS 0x0000000704a00000, 0x0000000704a00000| Untracked 
|  30|0x0000000704c00000, 0x0000000704c00000, 0x0000000704e00000|  0%| F|  |TAMS 0x0000000704c00000, 0x0000000704c00000| Untracked 
|  31|0x0000000704e00000, 0x0000000704e00000, 0x0000000705000000|  0%| F|  |TAMS 0x0000000704e00000, 0x0000000704e00000| Untracked 
|  32|0x0000000705000000, 0x0000000705000000, 0x0000000705200000|  0%| F|  |TAMS 0x0000000705000000, 0x0000000705000000| Untracked 
|  33|0x0000000705200000, 0x0000000705200000, 0x0000000705400000|  0%| F|  |TAMS 0x0000000705200000, 0x0000000705200000| Untracked 
|  34|0x0000000705400000, 0x0000000705400000, 0x0000000705600000|  0%| F|  |TAMS 0x0000000705400000, 0x0000000705400000| Untracked 
|  35|0x0000000705600000, 0x0000000705600000, 0x0000000705800000|  0%| F|  |TAMS 0x0000000705600000, 0x0000000705600000| Untracked 
|  36|0x0000000705800000, 0x0000000705800000, 0x0000000705a00000|  0%| F|  |TAMS 0x0000000705800000, 0x0000000705800000| Untracked 
|  37|0x0000000705a00000, 0x0000000705a00000, 0x0000000705c00000|  0%| F|  |TAMS 0x0000000705a00000, 0x0000000705a00000| Untracked 
|  38|0x0000000705c00000, 0x0000000705c00000, 0x0000000705e00000|  0%| F|  |TAMS 0x0000000705c00000, 0x0000000705c00000| Untracked 
|  39|0x0000000705e00000, 0x0000000705e00000, 0x0000000706000000|  0%| F|  |TAMS 0x0000000705e00000, 0x0000000705e00000| Untracked 
|  40|0x0000000706000000, 0x0000000706000000, 0x0000000706200000|  0%| F|  |TAMS 0x0000000706000000, 0x0000000706000000| Untracked 
|  41|0x0000000706200000, 0x0000000706200000, 0x0000000706400000|  0%| F|  |TAMS 0x0000000706200000, 0x0000000706200000| Untracked 
|  42|0x0000000706400000, 0x0000000706400000, 0x0000000706600000|  0%| F|  |TAMS 0x0000000706400000, 0x0000000706400000| Untracked 
|  43|0x0000000706600000, 0x0000000706600000, 0x0000000706800000|  0%| F|  |TAMS 0x0000000706600000, 0x0000000706600000| Untracked 
|  44|0x0000000706800000, 0x0000000706800000, 0x0000000706a00000|  0%| F|  |TAMS 0x0000000706800000, 0x0000000706800000| Untracked 
|  45|0x0000000706a00000, 0x0000000706a00000, 0x0000000706c00000|  0%| F|  |TAMS 0x0000000706a00000, 0x0000000706a00000| Untracked 
|  46|0x0000000706c00000, 0x0000000706c00000, 0x0000000706e00000|  0%| F|  |TAMS 0x0000000706c00000, 0x0000000706c00000| Untracked 
|  47|0x0000000706e00000, 0x0000000706e00000, 0x0000000707000000|  0%| F|  |TAMS 0x0000000706e00000, 0x0000000706e00000| Untracked 
|  48|0x0000000707000000, 0x0000000707000000, 0x0000000707200000|  0%| F|  |TAMS 0x0000000707000000, 0x0000000707000000| Untracked 
|  49|0x0000000707200000, 0x0000000707200000, 0x0000000707400000|  0%| F|  |TAMS 0x0000000707200000, 0x0000000707200000| Untracked 
|  50|0x0000000707400000, 0x0000000707400000, 0x0000000707600000|  0%| F|  |TAMS 0x0000000707400000, 0x0000000707400000| Untracked 
|  51|0x0000000707600000, 0x0000000707600000, 0x0000000707800000|  0%| F|  |TAMS 0x0000000707600000, 0x0000000707600000| Untracked 
|  52|0x0000000707800000, 0x0000000707800000, 0x0000000707a00000|  0%| F|  |TAMS 0x0000000707800000, 0x0000000707800000| Untracked 
|  53|0x0000000707a00000, 0x0000000707a00000, 0x0000000707c00000|  0%| F|  |TAMS 0x0000000707a00000, 0x0000000707a00000| Untracked 
|  54|0x0000000707c00000, 0x0000000707c00000, 0x0000000707e00000|  0%| F|  |TAMS 0x0000000707c00000, 0x0000000707c00000| Untracked 
|  55|0x0000000707e00000, 0x0000000707e00000, 0x0000000708000000|  0%| F|  |TAMS 0x0000000707e00000, 0x0000000707e00000| Untracked 
|  56|0x0000000708000000, 0x0000000708000000, 0x0000000708200000|  0%| F|  |TAMS 0x0000000708000000, 0x0000000708000000| Untracked 
|  57|0x0000000708200000, 0x0000000708200000, 0x0000000708400000|  0%| F|  |TAMS 0x0000000708200000, 0x0000000708200000| Untracked 
|  58|0x0000000708400000, 0x0000000708400000, 0x0000000708600000|  0%| F|  |TAMS 0x0000000708400000, 0x0000000708400000| Untracked 
|  59|0x0000000708600000, 0x0000000708600000, 0x0000000708800000|  0%| F|  |TAMS 0x0000000708600000, 0x0000000708600000| Untracked 
|  60|0x0000000708800000, 0x0000000708800000, 0x0000000708a00000|  0%| F|  |TAMS 0x0000000708800000, 0x0000000708800000| Untracked 
|  61|0x0000000708a00000, 0x0000000708a00000, 0x0000000708c00000|  0%| F|  |TAMS 0x0000000708a00000, 0x0000000708a00000| Untracked 
|  62|0x0000000708c00000, 0x0000000708c00000, 0x0000000708e00000|  0%| F|  |TAMS 0x0000000708c00000, 0x0000000708c00000| Untracked 
|  63|0x0000000708e00000, 0x0000000708e00000, 0x0000000709000000|  0%| F|  |TAMS 0x0000000708e00000, 0x0000000708e00000| Untracked 
|  64|0x0000000709000000, 0x0000000709000000, 0x0000000709200000|  0%| F|  |TAMS 0x0000000709000000, 0x0000000709000000| Untracked 
|  65|0x0000000709200000, 0x0000000709200000, 0x0000000709400000|  0%| F|  |TAMS 0x0000000709200000, 0x0000000709200000| Untracked 
|  66|0x0000000709400000, 0x0000000709400000, 0x0000000709600000|  0%| F|  |TAMS 0x0000000709400000, 0x0000000709400000| Untracked 
|  67|0x0000000709600000, 0x0000000709600000, 0x0000000709800000|  0%| F|  |TAMS 0x0000000709600000, 0x0000000709600000| Untracked 
|  68|0x0000000709800000, 0x0000000709800000, 0x0000000709a00000|  0%| F|  |TAMS 0x0000000709800000, 0x0000000709800000| Untracked 
|  69|0x0000000709a00000, 0x0000000709a00000, 0x0000000709c00000|  0%| F|  |TAMS 0x0000000709a00000, 0x0000000709a00000| Untracked 
|  70|0x0000000709c00000, 0x0000000709e00000, 0x0000000709e00000|100%| E|  |TAMS 0x0000000709c00000, 0x0000000709c00000| Complete 
|  71|0x0000000709e00000, 0x000000070a000000, 0x000000070a000000|100%| E|CS|TAMS 0x0000000709e00000, 0x0000000709e00000| Complete 
|  72|0x000000070a000000, 0x000000070a200000, 0x000000070a200000|100%| E|CS|TAMS 0x000000070a000000, 0x000000070a000000| Complete 
|  73|0x000000070a200000, 0x000000070a400000, 0x000000070a400000|100%| E|CS|TAMS 0x000000070a200000, 0x000000070a200000| Complete 
|  74|0x000000070a400000, 0x000000070a600000, 0x000000070a600000|100%| E|CS|TAMS 0x000000070a400000, 0x000000070a400000| Complete 
|  75|0x000000070a600000, 0x000000070a800000, 0x000000070a800000|100%| E|CS|TAMS 0x000000070a600000, 0x000000070a600000| Complete 
|  76|0x000000070a800000, 0x000000070aa00000, 0x000000070aa00000|100%| E|CS|TAMS 0x000000070a800000, 0x000000070a800000| Complete 
| 127|0x0000000710e00000, 0x0000000711000000, 0x0000000711000000|100%| E|CS|TAMS 0x0000000710e00000, 0x0000000710e00000| Complete 

Card table byte_map: [0x000002c6fc800000,0x000002c6fd000000] _byte_map_base: 0x000002c6f8ff8000

Marking Bits (Prev, Next): (CMBitMap*) 0x000002c6fba2b7d0, (CMBitMap*) 0x000002c6fba2b790
 Prev Bits: [0x000002c69a730000, 0x000002c69e6f0000)
 Next Bits: [0x000002c696770000, 0x000002c69a730000)

Polling page: 0x000002c6f99b0000

Metaspace:

Usage:
  Non-class:     24.65 MB used.
      Class:      3.21 MB used.
       Both:     27.87 MB used.

Virtual space:
  Non-class space:       32.00 MB reserved,      24.81 MB ( 78%) committed,  4 nodes.
      Class space:        1.00 GB reserved,       3.38 MB ( <1%) committed,  1 nodes.
             Both:        1.03 GB reserved,      28.19 MB (  3%) committed. 

Chunk freelists:
   Non-Class:  3.20 MB
       Class:  653.00 KB
        Both:  3.84 MB

MaxMetaspaceSize: unlimited
CompressedClassSpaceSize: 1.00 GB
Initial GC threshold: 21.00 MB
Current GC threshold: 35.31 MB
CDS: on
MetaspaceReclaimPolicy: balanced
 - commit_granule_bytes: 65536.
 - commit_granule_words: 8192.
 - virtual_space_node_default_size: 1048576.
 - enlarge_chunks_in_place: 1.
 - new_chunks_are_fully_committed: 0.
 - uncommit_free_chunks: 1.
 - use_allocation_guard: 0.
 - handle_deallocations: 1.


Internal statistics:

num_allocs_failed_limit: 3.
num_arena_births: 190.
num_arena_deaths: 0.
num_vsnodes_births: 5.
num_vsnodes_deaths: 0.
num_space_committed: 451.
num_space_uncommitted: 0.
num_chunks_returned_to_freelist: 3.
num_chunks_taken_from_freelist: 1233.
num_chunk_merges: 3.
num_chunk_splits: 865.
num_chunks_enlarged: 655.
num_purges: 0.
num_inconsistent_stats: 0.

CodeHeap 'non-profiled nmethods': size=120000Kb used=2952Kb max_used=2952Kb free=117047Kb
 bounds [0x000002c68f240000, 0x000002c68f530000, 0x000002c696770000]
CodeHeap 'profiled nmethods': size=120000Kb used=12883Kb max_used=12883Kb free=107116Kb
 bounds [0x000002c687d10000, 0x000002c6889b0000, 0x000002c68f240000]
CodeHeap 'non-nmethods': size=5760Kb used=1218Kb max_used=1271Kb free=4541Kb
 bounds [0x000002c687770000, 0x000002c6879e0000, 0x000002c687d10000]
 total_blobs=6534 nmethods=6014 adapters=432
 compilation: enabled
              stopped_count=0, restarted_count=0
 full_count=0

Compilation events (20 events):
Event: 8.859 Thread 0x000002c69ec009d0 6034       2       com.sun.tools.javac.comp.AttrContext::<init> (87 bytes)
Event: 8.859 Thread 0x000002c69ec009d0 nmethod 6034 0x000002c6889a1390 code [0x000002c6889a1540, 0x000002c6889a1818]
Event: 8.859 Thread 0x000002c69ec009d0 6033       2       java.util.RegularEnumSet::iterator (9 bytes)
Event: 8.860 Thread 0x000002c69ec009d0 nmethod 6033 0x000002c6889a1890 code [0x000002c6889a1a20, 0x000002c6889a1bd8]
Event: 8.860 Thread 0x000002c69ec009d0 6035       2       com.sun.tools.javac.comp.Check::setLint (12 bytes)
Event: 8.860 Thread 0x000002c69ec009d0 nmethod 6035 0x000002c6889a1c90 code [0x000002c6889a1e20, 0x000002c6889a1f78]
Event: 8.860 Thread 0x000002c69ec009d0 6036       2       com.sun.tools.javac.util.Iterators$2::update (42 bytes)
Event: 8.860 Thread 0x000002c69ec009d0 nmethod 6036 0x000002c6889a2010 code [0x000002c6889a21e0, 0x000002c6889a2428]
Event: 8.860 Thread 0x000002c69ec009d0 6037       2       com.sun.tools.javac.util.Iterators$2::hasNext (13 bytes)
Event: 8.860 Thread 0x000002c69ec009d0 nmethod 6037 0x000002c6889a2510 code [0x000002c6889a26a0, 0x000002c6889a27b8]
Event: 8.861 Thread 0x000002c69ec009d0 6038       2       com.sun.tools.javac.comp.Annotate::queueScanTreeAndTypeAnnotate (21 bytes)
Event: 8.861 Thread 0x000002c69ec009d0 nmethod 6038 0x000002c6889a2890 code [0x000002c6889a2a60, 0x000002c6889a2d28]
Event: 8.861 Thread 0x000002c69ec009d0 6039       2       com.sun.tools.javac.comp.Annotate$$Lambda$328/0x0000000800f10d60::<init> (32 bytes)
Event: 8.861 Thread 0x000002c69ec009d0 nmethod 6039 0x000002c6889a2f90 code [0x000002c6889a3140, 0x000002c6889a3438]
Event: 8.861 Thread 0x000002c69ec009d0 6040       2       com.sun.tools.javac.code.Scope$NamedImportScope::getSymbolsByName (35 bytes)
Event: 8.862 Thread 0x000002c69ec009d0 nmethod 6040 0x000002c6889a3510 code [0x000002c6889a36e0, 0x000002c6889a3ab8]
Event: 8.862 Thread 0x000002c69ec009d0 6041       2       java.util.RegularEnumSet::addAll (111 bytes)
Event: 8.863 Thread 0x000002c69ec009d0 nmethod 6041 0x000002c6889a3c90 code [0x000002c6889a3ec0, 0x000002c6889a4438]
Event: 8.863 Thread 0x000002c69ec009d0 6042       2       com.sun.tools.javac.comp.AttrContext::dup (151 bytes)
Event: 8.863 Thread 0x000002c69ec009d0 nmethod 6042 0x000002c6889a4710 code [0x000002c6889a48e0, 0x000002c6889a4ea8]

GC Heap History (16 events):
Event: 1.045 GC heap before
{Heap before GC invocations=0 (full 0):
 garbage-first heap   total 262144K, used 20480K [0x0000000701000000, 0x0000000800000000)
  region size 2048K, 11 young (22528K), 0 survivors (0K)
 Metaspace       used 5760K, committed 5952K, reserved 1056768K
  class space    used 677K, committed 768K, reserved 1048576K
}
Event: 1.051 GC heap after
{Heap after GC invocations=1 (full 0):
 garbage-first heap   total 262144K, used 3984K [0x0000000701000000, 0x0000000800000000)
  region size 2048K, 2 young (4096K), 2 survivors (4096K)
 Metaspace       used 5760K, committed 5952K, reserved 1056768K
  class space    used 677K, committed 768K, reserved 1048576K
}
Event: 2.106 GC heap before
{Heap before GC invocations=1 (full 0):
 garbage-first heap   total 262144K, used 34704K [0x0000000701000000, 0x0000000800000000)
  region size 2048K, 17 young (34816K), 2 survivors (4096K)
 Metaspace       used 9438K, committed 9664K, reserved 1064960K
  class space    used 1121K, committed 1216K, reserved 1048576K
}
Event: 2.112 GC heap after
{Heap after GC invocations=2 (full 0):
 garbage-first heap   total 262144K, used 5717K [0x0000000701000000, 0x0000000800000000)
  region size 2048K, 1 young (2048K), 1 survivors (2048K)
 Metaspace       used 9438K, committed 9664K, reserved 1064960K
  class space    used 1121K, committed 1216K, reserved 1048576K
}
Event: 6.109 GC heap before
{Heap before GC invocations=2 (full 0):
 garbage-first heap   total 262144K, used 106069K [0x0000000701000000, 0x0000000800000000)
  region size 2048K, 51 young (104448K), 1 survivors (2048K)
 Metaspace       used 21220K, committed 21504K, reserved 1073152K
  class space    used 2518K, committed 2688K, reserved 1048576K
}
Event: 6.119 GC heap after
{Heap after GC invocations=3 (full 0):
 garbage-first heap   total 262144K, used 12953K [0x0000000701000000, 0x0000000800000000)
  region size 2048K, 5 young (10240K), 5 survivors (10240K)
 Metaspace       used 21220K, committed 21504K, reserved 1073152K
  class space    used 2518K, committed 2688K, reserved 1048576K
}
Event: 7.286 GC heap before
{Heap before GC invocations=4 (full 0):
 garbage-first heap   total 55296K, used 35481K [0x0000000701000000, 0x0000000800000000)
  region size 2048K, 16 young (32768K), 5 survivors (10240K)
 Metaspace       used 25827K, committed 26048K, reserved 1073152K
  class space    used 2999K, committed 3072K, reserved 1048576K
}
Event: 7.300 GC heap after
{Heap after GC invocations=5 (full 0):
 garbage-first heap   total 55296K, used 18980K [0x0000000701000000, 0x0000000800000000)
  region size 2048K, 2 young (4096K), 2 survivors (4096K)
 Metaspace       used 25827K, committed 26048K, reserved 1073152K
  class space    used 2999K, committed 3072K, reserved 1048576K
}
Event: 7.311 GC heap before
{Heap before GC invocations=5 (full 0):
 garbage-first heap   total 55296K, used 21028K [0x0000000701000000, 0x0000000800000000)
  region size 2048K, 3 young (6144K), 2 survivors (4096K)
 Metaspace       used 25832K, committed 26048K, reserved 1073152K
  class space    used 2999K, committed 3072K, reserved 1048576K
}
Event: 7.319 GC heap after
{Heap after GC invocations=6 (full 0):
 garbage-first heap   total 55296K, used 20248K [0x0000000701000000, 0x0000000800000000)
  region size 2048K, 1 young (2048K), 1 survivors (2048K)
 Metaspace       used 25832K, committed 26048K, reserved 1073152K
  class space    used 2999K, committed 3072K, reserved 1048576K
}
Event: 7.724 GC heap before
{Heap before GC invocations=6 (full 0):
 garbage-first heap   total 55296K, used 34584K [0x0000000701000000, 0x0000000800000000)
  region size 2048K, 9 young (18432K), 1 survivors (2048K)
 Metaspace       used 26617K, committed 26944K, reserved 1073152K
  class space    used 3069K, committed 3264K, reserved 1048576K
}
Event: 7.733 GC heap after
{Heap after GC invocations=7 (full 0):
 garbage-first heap   total 55296K, used 23212K [0x0000000701000000, 0x0000000800000000)
  region size 2048K, 2 young (4096K), 2 survivors (4096K)
 Metaspace       used 26617K, committed 26944K, reserved 1073152K
  class space    used 3069K, committed 3264K, reserved 1048576K
}
Event: 8.279 GC heap before
{Heap before GC invocations=7 (full 0):
 garbage-first heap   total 55296K, used 35500K [0x0000000701000000, 0x0000000800000000)
  region size 2048K, 9 young (18432K), 2 survivors (4096K)
 Metaspace       used 27423K, committed 27776K, reserved 1073152K
  class space    used 3162K, committed 3328K, reserved 1048576K
}
Event: 8.285 GC heap after
{Heap after GC invocations=8 (full 0):
 garbage-first heap   total 55296K, used 23795K [0x0000000701000000, 0x0000000800000000)
  region size 2048K, 1 young (2048K), 1 survivors (2048K)
 Metaspace       used 27423K, committed 27776K, reserved 1073152K
  class space    used 3162K, committed 3328K, reserved 1048576K
}
Event: 8.636 GC heap before
{Heap before GC invocations=8 (full 0):
 garbage-first heap   total 55296K, used 38131K [0x0000000701000000, 0x0000000800000000)
  region size 2048K, 8 young (16384K), 1 survivors (2048K)
 Metaspace       used 28146K, committed 28416K, reserved 1081344K
  class space    used 3250K, committed 3392K, reserved 1048576K
}
Event: 8.639 GC heap after
{Heap after GC invocations=9 (full 0):
 garbage-first heap   total 159744K, used 23872K [0x0000000701000000, 0x0000000800000000)
  region size 2048K, 1 young (2048K), 1 survivors (2048K)
 Metaspace       used 28146K, committed 28416K, reserved 1081344K
  class space    used 3250K, committed 3392K, reserved 1048576K
}

Deoptimization events (20 events):
Event: 8.707 Thread 0x000002c6fb9dc0a0 Uncommon trap: trap_request=0xffffffde fr.pc=0x000002c68f51f230 relative=0x0000000000000470
Event: 8.707 Thread 0x000002c6fb9dc0a0 Uncommon trap: reason=class_check action=maybe_recompile pc=0x000002c68f51f230 method=java.lang.reflect.Field.get(Ljava/lang/Object;)Ljava/lang/Object; @ 23 c2
Event: 8.708 Thread 0x000002c6fb9dc0a0 DEOPT PACKING pc=0x000002c68f51f230 sp=0x000000db9b0fc780
Event: 8.708 Thread 0x000002c6fb9dc0a0 DEOPT UNPACKING pc=0x000002c6877c23a3 sp=0x000000db9b0fc750 mode 2
Event: 8.709 Thread 0x000002c6fb9dc0a0 Uncommon trap: trap_request=0xffffffde fr.pc=0x000002c68f51f230 relative=0x0000000000000470
Event: 8.709 Thread 0x000002c6fb9dc0a0 Uncommon trap: reason=class_check action=maybe_recompile pc=0x000002c68f51f230 method=java.lang.reflect.Field.get(Ljava/lang/Object;)Ljava/lang/Object; @ 23 c2
Event: 8.709 Thread 0x000002c6fb9dc0a0 DEOPT PACKING pc=0x000002c68f51f230 sp=0x000000db9b0fc780
Event: 8.709 Thread 0x000002c6fb9dc0a0 DEOPT UNPACKING pc=0x000002c6877c23a3 sp=0x000000db9b0fc750 mode 2
Event: 8.712 Thread 0x000002c6fb9dc0a0 Uncommon trap: trap_request=0xffffffde fr.pc=0x000002c68f51f230 relative=0x0000000000000470
Event: 8.712 Thread 0x000002c6fb9dc0a0 Uncommon trap: reason=class_check action=maybe_recompile pc=0x000002c68f51f230 method=java.lang.reflect.Field.get(Ljava/lang/Object;)Ljava/lang/Object; @ 23 c2
Event: 8.712 Thread 0x000002c6fb9dc0a0 DEOPT PACKING pc=0x000002c68f51f230 sp=0x000000db9b0fc780
Event: 8.712 Thread 0x000002c6fb9dc0a0 DEOPT UNPACKING pc=0x000002c6877c23a3 sp=0x000000db9b0fc750 mode 2
Event: 8.786 Thread 0x000002c6fb9dc0a0 DEOPT PACKING pc=0x000002c6888bb679 sp=0x000000db9b0fcba0
Event: 8.786 Thread 0x000002c6fb9dc0a0 DEOPT UNPACKING pc=0x000002c6877c2b43 sp=0x000000db9b0fc098 mode 0
Event: 8.792 Thread 0x000002c6fb9dc0a0 DEOPT PACKING pc=0x000002c6886015a3 sp=0x000000db9b0fcc20
Event: 8.792 Thread 0x000002c6fb9dc0a0 DEOPT UNPACKING pc=0x000002c6877c2b43 sp=0x000000db9b0fc158 mode 0
Event: 8.802 Thread 0x000002c6fb9dc0a0 Uncommon trap: trap_request=0xffffff45 fr.pc=0x000002c68f50cfc0 relative=0x0000000000000660
Event: 8.802 Thread 0x000002c6fb9dc0a0 Uncommon trap: reason=unstable_if action=reinterpret pc=0x000002c68f50cfc0 method=java.lang.String.replace(Ljava/lang/CharSequence;Ljava/lang/CharSequence;)Ljava/lang/String; @ 48 c2
Event: 8.802 Thread 0x000002c6fb9dc0a0 DEOPT PACKING pc=0x000002c68f50cfc0 sp=0x000000db9b0fd320
Event: 8.802 Thread 0x000002c6fb9dc0a0 DEOPT UNPACKING pc=0x000002c6877c23a3 sp=0x000000db9b0fd2a0 mode 2

Classes unloaded (0 events):
No events

Classes redefined (0 events):
No events

Internal exceptions (20 events):
Event: 7.497 Thread 0x000002c6fb9dc0a0 Exception <a 'sun/nio/fs/WindowsException'{0x00000007036afe90}> (0x00000007036afe90) 
thrown [t:\workspace\open\src\hotspot\share\prims\jni.cpp, line 516]
Event: 7.498 Thread 0x000002c6fb9dc0a0 Exception <a 'sun/nio/fs/WindowsException'{0x00000007036b25f0}> (0x00000007036b25f0) 
thrown [t:\workspace\open\src\hotspot\share\prims\jni.cpp, line 516]
Event: 7.498 Thread 0x000002c6fb9dc0a0 Exception <a 'sun/nio/fs/WindowsException'{0x00000007036b2908}> (0x00000007036b2908) 
thrown [t:\workspace\open\src\hotspot\share\prims\jni.cpp, line 516]
Event: 7.498 Thread 0x000002c6fb9dc0a0 Exception <a 'sun/nio/fs/WindowsException'{0x00000007036b5d70}> (0x00000007036b5d70) 
thrown [t:\workspace\open\src\hotspot\share\prims\jni.cpp, line 516]
Event: 7.498 Thread 0x000002c6fb9dc0a0 Exception <a 'sun/nio/fs/WindowsException'{0x00000007036b60d0}> (0x00000007036b60d0) 
thrown [t:\workspace\open\src\hotspot\share\prims\jni.cpp, line 516]
Event: 7.498 Thread 0x000002c6fb9dc0a0 Exception <a 'sun/nio/fs/WindowsException'{0x00000007036b75d8}> (0x00000007036b75d8) 
thrown [t:\workspace\open\src\hotspot\share\prims\jni.cpp, line 516]
Event: 7.498 Thread 0x000002c6fb9dc0a0 Exception <a 'sun/nio/fs/WindowsException'{0x00000007036b79c0}> (0x00000007036b79c0) 
thrown [t:\workspace\open\src\hotspot\share\prims\jni.cpp, line 516]
Event: 8.809 Thread 0x000002c6fb9dc0a0 Exception <a 'sun/nio/fs/WindowsException'{0x0000000709e85368}> (0x0000000709e85368) 
thrown [t:\workspace\open\src\hotspot\share\prims\jni.cpp, line 516]
Event: 8.809 Thread 0x000002c6fb9dc0a0 Exception <a 'sun/nio/fs/WindowsException'{0x0000000709e85678}> (0x0000000709e85678) 
thrown [t:\workspace\open\src\hotspot\share\prims\jni.cpp, line 516]
Event: 8.809 Thread 0x000002c6fb9dc0a0 Exception <a 'sun/nio/fs/WindowsException'{0x0000000709e865a0}> (0x0000000709e865a0) 
thrown [t:\workspace\open\src\hotspot\share\prims\jni.cpp, line 516]
Event: 8.809 Thread 0x000002c6fb9dc0a0 Exception <a 'sun/nio/fs/WindowsException'{0x0000000709e86930}> (0x0000000709e86930) 
thrown [t:\workspace\open\src\hotspot\share\prims\jni.cpp, line 516]
Event: 8.809 Thread 0x000002c6fb9dc0a0 Exception <a 'sun/nio/fs/WindowsException'{0x0000000709e87940}> (0x0000000709e87940) 
thrown [t:\workspace\open\src\hotspot\share\prims\jni.cpp, line 516]
Event: 8.810 Thread 0x000002c6fb9dc0a0 Exception <a 'sun/nio/fs/WindowsException'{0x0000000709e87c60}> (0x0000000709e87c60) 
thrown [t:\workspace\open\src\hotspot\share\prims\jni.cpp, line 516]
Event: 8.851 Thread 0x000002c6fb9dc0a0 Exception <a 'sun/nio/fs/WindowsException'{0x0000000709cbd9e0}> (0x0000000709cbd9e0) 
thrown [t:\workspace\open\src\hotspot\share\prims\jni.cpp, line 516]
Event: 8.851 Thread 0x000002c6fb9dc0a0 Exception <a 'sun/nio/fs/WindowsException'{0x0000000709cbdcf0}> (0x0000000709cbdcf0) 
thrown [t:\workspace\open\src\hotspot\share\prims\jni.cpp, line 516]
Event: 8.851 Thread 0x000002c6fb9dc0a0 Exception <a 'sun/nio/fs/WindowsException'{0x0000000709cbec18}> (0x0000000709cbec18) 
thrown [t:\workspace\open\src\hotspot\share\prims\jni.cpp, line 516]
Event: 8.851 Thread 0x000002c6fb9dc0a0 Exception <a 'sun/nio/fs/WindowsException'{0x0000000709cbefa8}> (0x0000000709cbefa8) 
thrown [t:\workspace\open\src\hotspot\share\prims\jni.cpp, line 516]
Event: 8.851 Thread 0x000002c6fb9dc0a0 Exception <a 'sun/nio/fs/WindowsException'{0x0000000709cbffb8}> (0x0000000709cbffb8) 
thrown [t:\workspace\open\src\hotspot\share\prims\jni.cpp, line 516]
Event: 8.851 Thread 0x000002c6fb9dc0a0 Exception <a 'sun/nio/fs/WindowsException'{0x0000000709cc02d8}> (0x0000000709cc02d8) 
thrown [t:\workspace\open\src\hotspot\share\prims\jni.cpp, line 516]
Event: 8.865 Thread 0x000002c6fb9dc0a0 Implicit null exception at 0x000002c688779ae8 to 0x0000000000000000

VM Operations (20 events):
Event: 7.141 Executing VM operation: HandshakeAllThreads
Event: 7.141 Executing VM operation: HandshakeAllThreads done
Event: 7.286 Executing VM operation: G1CollectForAllocation
Event: 7.300 Executing VM operation: G1CollectForAllocation done
Event: 7.311 Executing VM operation: G1CollectForAllocation
Event: 7.319 Executing VM operation: G1CollectForAllocation done
Event: 7.329 Executing VM operation: HandshakeAllThreads
Event: 7.329 Executing VM operation: HandshakeAllThreads done
Event: 7.511 Executing VM operation: HandshakeAllThreads
Event: 7.511 Executing VM operation: HandshakeAllThreads done
Event: 7.723 Executing VM operation: G1CollectForAllocation
Event: 7.733 Executing VM operation: G1CollectForAllocation done
Event: 8.056 Executing VM operation: ICBufferFull
Event: 8.056 Executing VM operation: ICBufferFull done
Event: 8.183 Executing VM operation: ICBufferFull
Event: 8.183 Executing VM operation: ICBufferFull done
Event: 8.278 Executing VM operation: G1CollectForAllocation
Event: 8.285 Executing VM operation: G1CollectForAllocation done
Event: 8.636 Executing VM operation: G1CollectForAllocation
Event: 8.639 Executing VM operation: G1CollectForAllocation done

Events (20 events):
Event: 8.091 loading class java/io/PushbackInputStream done
Event: 8.370 loading class java/util/Collections$UnmodifiableSortedSet
Event: 8.371 loading class java/util/Collections$UnmodifiableSortedSet done
Event: 8.424 loading class java/util/IdentityHashMap$EntrySet
Event: 8.424 loading class java/util/IdentityHashMap$EntrySet done
Event: 8.424 loading class java/util/IdentityHashMap$EntryIterator
Event: 8.424 loading class java/util/IdentityHashMap$EntryIterator done
Event: 8.424 loading class java/util/IdentityHashMap$EntryIterator$Entry
Event: 8.425 loading class java/util/IdentityHashMap$EntryIterator$Entry done
Event: 8.442 loading class java/util/regex/Pattern$Caret
Event: 8.442 loading class java/util/regex/Pattern$Caret done
Event: 8.572 loading class java/util/regex/Pattern$SliceI
Event: 8.572 loading class java/util/regex/Pattern$SliceI done
Event: 8.616 loading class java/util/regex/Pattern$Loop
Event: 8.616 loading class java/util/regex/Pattern$Loop done
Event: 8.616 loading class java/util/regex/Pattern$Prolog
Event: 8.616 loading class java/util/regex/Pattern$Prolog done
Event: 8.634 loading class java/util/regex/Pattern$LazyLoop
Event: 8.634 loading class java/util/regex/Pattern$LazyLoop done
Event: 8.673 Thread 0x000002c6a1ebaa80 Thread added: 0x000002c6a1ebaa80


Dynamic libraries:
0x00007ff719e10000 - 0x00007ff719e1e000 	C:\Users\musio\.jdks\openjdk-17.0.2\bin\java.exe
0x00007ff89c2b0000 - 0x00007ff89c4a8000 	C:\Windows\SYSTEM32\ntdll.dll
0x00007ff89a300000 - 0x00007ff89a3bd000 	C:\Windows\System32\KERNEL32.DLL
0x00007ff899ee0000 - 0x00007ff89a1d6000 	C:\Windows\System32\KERNELBASE.dll
0x00007ff899de0000 - 0x00007ff899ee0000 	C:\Windows\System32\ucrtbase.dll
0x00007ff875060000 - 0x00007ff87507a000 	C:\Users\musio\.jdks\openjdk-17.0.2\bin\VCRUNTIME140.dll
0x00007ff876fa0000 - 0x00007ff876fb8000 	C:\Users\musio\.jdks\openjdk-17.0.2\bin\jli.dll
0x00007ff89b0f0000 - 0x00007ff89b28e000 	C:\Windows\System32\USER32.dll
0x00007ff899b10000 - 0x00007ff899b32000 	C:\Windows\System32\win32u.dll
0x00007ff88d820000 - 0x00007ff88daba000 	C:\Windows\WinSxS\amd64_microsoft.windows.common-controls_6595b64144ccf1df_6.0.19041.3636_none_60b6a03d71f818d5\COMCTL32.dll
0x00007ff89aee0000 - 0x00007ff89af0c000 	C:\Windows\System32\GDI32.dll
0x00007ff89a1e0000 - 0x00007ff89a2fa000 	C:\Windows\System32\gdi32full.dll
0x00007ff89b050000 - 0x00007ff89b0ee000 	C:\Windows\System32\msvcrt.dll
0x00007ff899c40000 - 0x00007ff899cdd000 	C:\Windows\System32\msvcp_win.dll
0x00007ff89be10000 - 0x00007ff89be40000 	C:\Windows\System32\IMM32.DLL
0x00007ff882ca0000 - 0x00007ff882cac000 	C:\Users\musio\.jdks\openjdk-17.0.2\bin\vcruntime140_1.dll
0x00007ff829bc0000 - 0x00007ff829c4d000 	C:\Users\musio\.jdks\openjdk-17.0.2\bin\msvcp140.dll
0x00007ff810980000 - 0x00007ff811541000 	C:\Users\musio\.jdks\openjdk-17.0.2\bin\server\jvm.dll
0x00007ff89a8d0000 - 0x00007ff89a983000 	C:\Windows\System32\ADVAPI32.dll
0x00007ff89a830000 - 0x00007ff89a8cf000 	C:\Windows\System32\sechost.dll
0x00007ff89abe0000 - 0x00007ff89ad06000 	C:\Windows\System32\RPCRT4.dll
0x00007ff899980000 - 0x00007ff8999a7000 	C:\Windows\System32\bcrypt.dll
0x00007ff89ab70000 - 0x00007ff89ab78000 	C:\Windows\System32\PSAPI.DLL
0x00007ff893110000 - 0x00007ff893137000 	C:\Windows\SYSTEM32\WINMM.dll
0x00007ff877680000 - 0x00007ff877689000 	C:\Windows\SYSTEM32\WSOCK32.dll
0x00007ff89bed0000 - 0x00007ff89bf3b000 	C:\Windows\System32\WS2_32.dll
0x00007ff893e70000 - 0x00007ff893e7a000 	C:\Windows\SYSTEM32\VERSION.dll
0x00007ff897850000 - 0x00007ff897862000 	C:\Windows\SYSTEM32\kernel.appcore.dll
0x00007ff878bf0000 - 0x00007ff878bfa000 	C:\Users\musio\.jdks\openjdk-17.0.2\bin\jimage.dll
0x00007ff88dee0000 - 0x00007ff88e0c4000 	C:\Windows\SYSTEM32\DBGHELP.DLL
0x00007ff889450000 - 0x00007ff889484000 	C:\Windows\SYSTEM32\dbgcore.DLL
0x00007ff899b40000 - 0x00007ff899bc2000 	C:\Windows\System32\bcryptPrimitives.dll
0x00007ff88ba30000 - 0x00007ff88ba3e000 	C:\Users\musio\.jdks\openjdk-17.0.2\bin\instrument.dll
0x00007ff864120000 - 0x00007ff864145000 	C:\Users\musio\.jdks\openjdk-17.0.2\bin\java.dll
0x00007ff822fc0000 - 0x00007ff823096000 	C:\Users\musio\.jdks\openjdk-17.0.2\bin\jsvml.dll
0x00007ff89b360000 - 0x00007ff89baa5000 	C:\Windows\System32\SHELL32.dll
0x00007ff897a50000 - 0x00007ff8981eb000 	C:\Windows\SYSTEM32\windows.storage.dll
0x00007ff89bab0000 - 0x00007ff89be04000 	C:\Windows\System32\combase.dll
0x00007ff8993b0000 - 0x00007ff8993dd000 	C:\Windows\SYSTEM32\Wldp.dll
0x00007ff89c1c0000 - 0x00007ff89c26d000 	C:\Windows\System32\SHCORE.dll
0x00007ff89ab80000 - 0x00007ff89abd5000 	C:\Windows\System32\shlwapi.dll
0x00007ff8998b0000 - 0x00007ff8998d5000 	C:\Windows\SYSTEM32\profapi.dll
0x00007ff84f740000 - 0x00007ff84f758000 	C:\Users\musio\.jdks\openjdk-17.0.2\bin\zip.dll
0x00007ff874cd0000 - 0x00007ff874ce9000 	C:\Users\musio\.jdks\openjdk-17.0.2\bin\net.dll
0x00007ff892e30000 - 0x00007ff892f3a000 	C:\Windows\SYSTEM32\WINHTTP.dll
0x00007ff899090000 - 0x00007ff8990fa000 	C:\Windows\system32\mswsock.dll
0x00007ff86cd50000 - 0x00007ff86cd66000 	C:\Users\musio\.jdks\openjdk-17.0.2\bin\nio.dll
0x00007ff88b570000 - 0x00007ff88b58a000 	C:\Program Files\JetBrains\IntelliJ IDEA Community Edition 2023.3.2\bin\breakgen64.dll
0x0000000069ac0000 - 0x0000000069ae4000 	C:\Users\musio\AppData\Local\Temp\jansi-2.4.0-6db3cd40996e6be7-jansi.dll
0x00007ff86e710000 - 0x00007ff86e720000 	C:\Users\musio\.jdks\openjdk-17.0.2\bin\verify.dll

dbghelp: loaded successfully - version: 4.0.5 - missing functions: none
symbol engine: initialized successfully - sym options: 0x614 - pdb path: .;C:\Users\musio\.jdks\openjdk-17.0.2\bin;C:\Windows\SYSTEM32;C:\Windows\WinSxS\amd64_microsoft.windows.common-controls_6595b64144ccf1df_6.0.19041.3636_none_60b6a03d71f818d5;C:\Users\musio\.jdks\openjdk-17.0.2\bin\server;C:\Program Files\JetBrains\IntelliJ IDEA Community Edition 2023.3.2\bin;C:\Users\musio\AppData\Local\Temp

VM Arguments:
jvm_args: -Dmaven.multiModuleProjectDirectory=C:\Users\musio\OneDrive\Desktop\code\MC-LandsKey -Djansi.passthrough=true -Dmaven.home=C:\Program Files\JetBrains\IntelliJ IDEA Community Edition 2023.3.2\plugins\maven\lib\maven3 -Dclassworlds.conf=C:\Program Files\JetBrains\IntelliJ IDEA Community Edition 2023.3.2\plugins\maven\lib\maven3\bin\m2.conf -Dmaven.ext.class.path=C:\Program Files\JetBrains\IntelliJ IDEA Community Edition 2023.3.2\plugins\maven\lib\maven-event-listener.jar -javaagent:C:\Program Files\JetBrains\IntelliJ IDEA Community Edition 2023.3.2\lib\idea_rt.jar=58326:C:\Program Files\JetBrains\IntelliJ IDEA Community Edition 2023.3.2\bin -Dfile.encoding=UTF-8 
java_command: org.codehaus.classworlds.Launcher -Didea.version=2023.3.2 package
java_class_path (initial): C:\Program Files\JetBrains\IntelliJ IDEA Community Edition 2023.3.2\plugins\maven\lib\maven3\boot\plexus-classworlds-2.7.0.jar;C:\Program Files\JetBrains\IntelliJ IDEA Community Edition 2023.3.2\plugins\maven\lib\maven3\boot\plexus-classworlds.license
Launcher Type: SUN_STANDARD

[Global flags]
     intx CICompilerCount                          = 4                                         {product} {ergonomic}
     uint ConcGCThreads                            = 3                                         {product} {ergonomic}
     uint G1ConcRefinementThreads                  = 10                                        {product} {ergonomic}
   size_t G1HeapRegionSize                         = 2097152                                   {product} {ergonomic}
    uintx GCDrainStackTargetSize                   = 64                                        {product} {ergonomic}
   size_t InitialHeapSize                          = 268435456                                 {product} {ergonomic}
   size_t MarkStackSize                            = 4194304                                   {product} {ergonomic}
   size_t MaxHeapSize                              = 4278190080                                {product} {ergonomic}
   size_t MaxNewSize                               = 2566914048                                {product} {ergonomic}
   size_t MinHeapDeltaBytes                        = 2097152                                   {product} {ergonomic}
   size_t MinHeapSize                              = 8388608                                   {product} {ergonomic}
    uintx NonNMethodCodeHeapSize                   = 5839372                                {pd product} {ergonomic}
    uintx NonProfiledCodeHeapSize                  = 122909434                              {pd product} {ergonomic}
    uintx ProfiledCodeHeapSize                     = 122909434                              {pd product} {ergonomic}
    uintx ReservedCodeCacheSize                    = 251658240                              {pd product} {ergonomic}
     bool SegmentedCodeCache                       = true                                      {product} {ergonomic}
   size_t SoftMaxHeapSize                          = 4278190080                             {manageable} {ergonomic}
     bool UseCompressedClassPointers               = true                           {product lp64_product} {ergonomic}
     bool UseCompressedOops                        = true                           {product lp64_product} {ergonomic}
     bool UseG1GC                                  = true                                      {product} {ergonomic}
     bool UseLargePagesIndividualAllocation        = false                                  {pd product} {ergonomic}

Logging:
Log output configuration:
 #0: stdout all=warning uptime,level,tags
 #1: stderr all=off uptime,level,tags

Environment Variables:
PATH=C:\Program Files\Common Files\Oracle\Java\javapath;C:\Program Files (x86)\Common Files\Intel\Shared Libraries\redist\intel64\compiler;C:\Program Files (x86)\Common Files\Oracle\Java\javapath;C:\Windows\system32;C:\Windows;C:\Windows\System32\Wbem;C:\Windows\System32\WindowsPowerShell\v1.0\;C:\Windows\System32\OpenSSH\;C:\Program Files\nodejs\;C:\Program Files\Git\cmd;C:\Program Files\dotnet\;C:\Users\musio\AppData\Local\Microsoft\WindowsApps;C:\Users\musio\AppData\Local\Programs\Microsoft VS Code\bin;C:\Users\musio\AppData\Roaming\npm;C:\Users\musio\.dotnet\tools;C:\Users\musio\AppData\Local\GitHubDesktop\bin;C:\Program Files\JetBrains\IntelliJ IDEA 2023.1.1\bin;;C:\Users\musio\AppData\Local\spicetify
USERNAME=musio
OS=Windows_NT
PROCESSOR_IDENTIFIER=AMD64 Family 23 Model 1 Stepping 1, AuthenticAMD



---------------  S Y S T E M  ---------------

OS:
 Windows 10 , 64 bit Build 19041 (10.0.19041.3636)
OS uptime: 0 days 2:30 hours

CPU: total 12 (initial active 12) (12 cores per cpu, 2 threads per core) family 23 model 1 stepping 1 microcode 0x0, cx8, cmov, fxsr, ht, mmx, 3dnowpref, sse, sse2, sse3, ssse3, sse4a, sse4.1, sse4.2, popcnt, lzcnt, tsc, tscinvbit, avx, avx2, aes, clmul, bmi1, bmi2, adx, sha, fma, vzeroupper, clflush, clflushopt

Memory: 4k page, system-wide physical 16316M (627M free)
TotalPageFile size 32222M (AvailPageFile size 4140M)
current process WorkingSet (physical memory assigned to process): 225M, peak: 225M
current process commit charge ("private bytes"): 367M, peak: 403M

vm_info: OpenJDK 64-Bit Server VM (17.0.2+8-86) for windows-amd64 JRE (17.0.2+8-86), built on Dec  7 2021 21:49:10 by "mach5one" with MS VC++ 16.8 / 16.9 (VS2019)

END.
